<?xml version="1.0" encoding="UTF-8"?>
<!-- Generated by org.testng.reporters.JUnitReportReporter -->
<testsuite hostname="NGL03540" name="test" tests="1" failures="0" timestamp="8 Feb 2016 15:06:16 GMT" time="12.910" errors="0">
  <testcase name="testHomePage" time="12.910" classname="test"/>
</testsuite> <!-- test -->
